<?xml version="1.0" encoding="UTF-8"?>
<testsuite xmlns:xsi="http://www.w3.org/2001/XMLSchema-instance" xsi:noNamespaceSchemaLocation="https://maven.apache.org/surefire/maven-surefire-plugin/xsd/surefire-test-report-3.0.xsd" version="3.0" name="com.mig.sales.leadmanagement.repository.LeadRepositoryTest" time="5.438" tests="1" errors="0" skipped="0" failures="1">
  <properties>
[...]
</properties>
  <testcase name="testFindLeadsWithFilters_AllNull" classname="com.mig.sales.leadmanagement.repository.LeadRepositoryTest" time="0.782">
    <failure message="expected: &lt;true&gt; but was: &lt;false&gt;" type="org.opentest4j.AssertionFailedError"><![CDATA[org.opentest4j.AssertionFailedError: expected: <true> but was: <false>
	at org.junit.jupiter.api.AssertionFailureBuilder.build(AssertionFailureBuilder.java:151)
	at org.junit.jupiter.api.AssertionFailureBuilder.buildAndThrow(AssertionFailureBuilder.java:132)
	at org.junit.jupiter.api.AssertTrue.failNotTrue(AssertTrue.java:63)
	at org.junit.jupiter.api.AssertTrue.assertTrue(AssertTrue.java:36)
	at org.junit.jupiter.api.AssertTrue.assertTrue(AssertTrue.java:31)
	at org.junit.jupiter.api.Assertions.assertTrue(Assertions.java:183)
	at com.mig.sales.leadmanagement.repository.LeadRepositoryTest.testFindLeadsWithFilters_AllNull(LeadRepositoryTest.java:101)
	at java.base/java.lang.reflect.Method.invoke(Method.java:568)
	at java.base/java.util.ArrayList.forEach(ArrayList.java:1511)
	at java.base/java.util.ArrayList.forEach(ArrayList.java:1511)
]]></failure>
    <system-out><![CDATA[19:15:22.261 [main] INFO org.springframework.test.context.support.AnnotationConfigContextLoaderUtils -- Could not detect default configuration classes for test class [com.mig.sales.leadmanagement.repository.LeadRepositoryTest]: LeadRepositoryTest does not declare any static, non-private, non-final, nested classes annotated with @Configuration.
19:15:22.383 [main] INFO org.springframework.boot.test.context.SpringBootTestContextBootstrapper -- Found @SpringBootConfiguration com.mig.sales.leadmanagement.LeadManagementServiceApplication for test class com.mig.sales.leadmanagement.repository.LeadRepositoryTest

  .   ____          _            __ _ _
 /\\ / ___'_ __ _ _(_)_ __  __ _ \ \ \ \
( ( )\___ | '_ | '_| | '_ \/ _` | \ \ \ \
 \\/  ___)| |_)| | | | | || (_| |  ) ) ) )
  '  |____| .__|_| |_|_| |_\__, | / / / /
 =========|_|==============|___/=/_/_/_/
 :: Spring Boot ::                (v3.2.0)

2025-10-31 19:15:22 - Starting LeadRepositoryTest using Java 17.0.11 with PID 140 (started by root in /app)
2025-10-31 19:15:22 - Running with Spring Boot v3.2.0, Spring v6.1.1
2025-10-31 19:15:22 - The following 1 profile is active: "test"
2025-10-31 19:15:23 - Bootstrapping Spring Data JPA repositories in DEFAULT mode.
2025-10-31 19:15:23 - Finished Spring Data repository scanning in 62 ms. Found 3 JPA repository interfaces.
2025-10-31 19:15:23 - Replacing 'dataSource' DataSource bean with embedded version
2025-10-31 19:15:23 - Starting embedded database: url='jdbc:h2:mem:23d60bd6-3b72-4fff-a05d-fc6b28b0c7d6;DB_CLOSE_DELAY=-1;DB_CLOSE_ON_EXIT=false', username='sa'
2025-10-31 19:15:23 - HHH000204: Processing PersistenceUnitInfo [name: default]
2025-10-31 19:15:24 - HHH000412: Hibernate ORM core version 6.3.1.Final
2025-10-31 19:15:24 - HHH000026: Second-level cache disabled
2025-10-31 19:15:24 - No LoadTimeWeaver setup: ignoring JPA class transformer
2025-10-31 19:15:24 - HHH90000025: H2Dialect does not need to be specified explicitly using 'hibernate.dialect' (remove the property setting and it will be selected by default)
2025-10-31 19:15:25 - HHH000489: No JTA platform available (set 'hibernate.transaction.jta.platform' to enable JTA platform integration)
2025-10-31 19:15:25 - 
    drop table if exists app_users cascade 
Hibernate: 
    drop table if exists app_users cascade 
2025-10-31 19:15:25 - 
    drop table if exists lead_history cascade 
Hibernate: 
    drop table if exists lead_history cascade 
2025-10-31 19:15:25 - 
    drop table if exists leads cascade 
Hibernate: 
    drop table if exists leads cascade 
2025-10-31 19:15:25 - 
    drop sequence if exists app_users_seq
Hibernate: 
    drop sequence if exists app_users_seq
2025-10-31 19:15:25 - 
    drop sequence if exists lead_history_seq
Hibernate: 
    drop sequence if exists lead_history_seq
2025-10-31 19:15:25 - 
    drop sequence if exists leads_seq
Hibernate: 
    drop sequence if exists leads_seq
2025-10-31 19:15:25 - 
    create sequence app_users_seq start with 1 increment by 1
Hibernate: 
    create sequence app_users_seq start with 1 increment by 1
2025-10-31 19:15:25 - 
    create sequence lead_history_seq start with 1 increment by 1
Hibernate: 
    create sequence lead_history_seq start with 1 increment by 1
2025-10-31 19:15:25 - 
    create sequence leads_seq start with 1 increment by 1
Hibernate: 
    create sequence leads_seq start with 1 increment by 1
2025-10-31 19:15:25 - 
    create table app_users (
        is_active boolean not null,
        created_date timestamp(6),
        last_login_date timestamp(6),
        px_created_datetime timestamp(6),
        px_updated_datetime timestamp(6),
        user_id bigint not null,
        email varchar(255),
        first_name varchar(255),
        last_name varchar(255),
        password varchar(255) not null,
        phone varchar(255),
        px_created_by varchar(255),
        px_updated_by varchar(255),
        role varchar(255) not null,
        username varchar(255) not null unique,
        primary key (user_id)
    )
Hibernate: 
    create table app_users (
        is_active boolean not null,
        created_date timestamp(6),
        last_login_date timestamp(6),
        px_created_datetime timestamp(6),
        px_updated_datetime timestamp(6),
        user_id bigint not null,
        email varchar(255),
        first_name varchar(255),
        last_name varchar(255),
        password varchar(255) not null,
        phone varchar(255),
        px_created_by varchar(255),
        px_updated_by varchar(255),
        role varchar(255) not null,
        username varchar(255) not null unique,
        primary key (user_id)
    )
2025-10-31 19:15:25 - 
    create table lead_history (
        history_id bigint not null,
        lead_id bigint not null,
        px_created_datetime timestamp(6),
        px_updated_datetime timestamp(6),
        timestamp timestamp(6),
        user_id bigint not null,
        action varchar(255),
        action_type varchar(255),
        comment_text varchar(255),
        new_status varchar(255),
        old_status varchar(255),
        px_created_by varchar(255),
        px_updated_by varchar(255),
        primary key (history_id)
    )
Hibernate: 
    create table lead_history (
        history_id bigint not null,
        lead_id bigint not null,
        px_created_datetime timestamp(6),
        px_updated_datetime timestamp(6),
        timestamp timestamp(6),
        user_id bigint not null,
        action varchar(255),
        action_type varchar(255),
        comment_text varchar(255),
        new_status varchar(255),
        old_status varchar(255),
        px_created_by varchar(255),
        px_updated_by varchar(255),
        primary key (history_id)
    )
2025-10-31 19:15:25 - 
    create table leads (
        lead_score integer,
        potential_value numeric(12,2),
        assigned_to bigint,
        created_date timestamp(6),
        lead_id bigint not null,
        px_created_datetime timestamp(6),
        px_updated_datetime timestamp(6),
        updated_date timestamp(6),
        company varchar(255),
        company_size varchar(255),
        description varchar(255),
        email varchar(255),
        industry varchar(255),
        lead_name varchar(255) not null,
        lead_source varchar(255),
        location varchar(255),
        phone varchar(255),
        px_created_by varchar(255),
        px_updated_by varchar(255),
        status varchar(255) not null,
        primary key (lead_id)
    )
Hibernate: 
    create table leads (
        lead_score integer,
        potential_value numeric(12,2),
        assigned_to bigint,
        created_date timestamp(6),
        lead_id bigint not null,
        px_created_datetime timestamp(6),
        px_updated_datetime timestamp(6),
        updated_date timestamp(6),
        company varchar(255),
        company_size varchar(255),
        description varchar(255),
        email varchar(255),
        industry varchar(255),
        lead_name varchar(255) not null,
        lead_source varchar(255),
        location varchar(255),
        phone varchar(255),
        px_created_by varchar(255),
        px_updated_by varchar(255),
        status varchar(255) not null,
        primary key (lead_id)
    )
2025-10-31 19:15:25 - 
    alter table if exists lead_history 
       add constraint FK5ujkq30qgnxikbcwuvr972yvc 
       foreign key (lead_id) 
       references leads
Hibernate: 
    alter table if exists lead_history 
       add constraint FK5ujkq30qgnxikbcwuvr972yvc 
       foreign key (lead_id) 
       references leads
2025-10-31 19:15:25 - 
    alter table if exists lead_history 
       add constraint FK8fnnmrkp3md7o20jhkp0ipf1t 
       foreign key (user_id) 
       references app_users
Hibernate: 
    alter table if exists lead_history 
       add constraint FK8fnnmrkp3md7o20jhkp0ipf1t 
       foreign key (user_id) 
       references app_users
2025-10-31 19:15:25 - 
    alter table if exists leads 
       add constraint FKqtojju2sbhci7pkekttd0i6mg 
       foreign key (assigned_to) 
       references app_users
Hibernate: 
    alter table if exists leads 
       add constraint FKqtojju2sbhci7pkekttd0i6mg 
       foreign key (assigned_to) 
       references app_users
2025-10-31 19:15:25 - Initialized JPA EntityManagerFactory for persistence unit 'default'
2025-10-31 19:15:25 - Hibernate is in classpath; If applicable, HQL parser will be used.
2025-10-31 19:15:26 - Started LeadRepositoryTest in 4.286 seconds (process running for 5.163)
2025-10-31 19:15:27 - 
    select
        next value for app_users_seq
Hibernate: 
    select
        next value for app_users_seq
2025-10-31 19:15:27 - 
    select
        next value for leads_seq
Hibernate: 
    select
        next value for leads_seq
2025-10-31 19:15:27 - 
    select
        next value for leads_seq
Hibernate: 
    select
        next value for leads_seq
2025-10-31 19:15:27 - 
    select
        next value for leads_seq
Hibernate: 
    select
        next value for leads_seq
2025-10-31 19:15:27 - 
    insert 
    into
        app_users
        (created_date, email, first_name, is_active, last_login_date, last_name, password, phone, px_created_by, px_created_datetime, px_updated_by, px_updated_datetime, role, username, user_id) 
    values
        (?, ?, ?, ?, ?, ?, ?, ?, ?, ?, ?, ?, ?, ?, ?)
Hibernate: 
    insert 
    into
        app_users
        (created_date, email, first_name, is_active, last_login_date, last_name, password, phone, px_created_by, px_created_datetime, px_updated_by, px_updated_datetime, role, username, user_id) 
    values
        (?, ?, ?, ?, ?, ?, ?, ?, ?, ?, ?, ?, ?, ?, ?)
2025-10-31 19:15:27 - 
    insert 
    into
        leads
        (assigned_to, company, company_size, created_date, description, email, industry, lead_name, lead_score, lead_source, location, phone, potential_value, px_created_by, px_created_datetime, px_updated_by, px_updated_datetime, status, updated_date, lead_id) 
    values
        (?, ?, ?, ?, ?, ?, ?, ?, ?, ?, ?, ?, ?, ?, ?, ?, ?, ?, ?, ?)
Hibernate: 
    insert 
    into
        leads
        (assigned_to, company, company_size, created_date, description, email, industry, lead_name, lead_score, lead_source, location, phone, potential_value, px_created_by, px_created_datetime, px_updated_by, px_updated_datetime, status, updated_date, lead_id) 
    values
        (?, ?, ?, ?, ?, ?, ?, ?, ?, ?, ?, ?, ?, ?, ?, ?, ?, ?, ?, ?)
2025-10-31 19:15:27 - 
    insert 
    into
        leads
        (assigned_to, company, company_size, created_date, description, email, industry, lead_name, lead_score, lead_source, location, phone, potential_value, px_created_by, px_created_datetime, px_updated_by, px_updated_datetime, status, updated_date, lead_id) 
    values
        (?, ?, ?, ?, ?, ?, ?, ?, ?, ?, ?, ?, ?, ?, ?, ?, ?, ?, ?, ?)
Hibernate: 
    insert 
    into
        leads
        (assigned_to, company, company_size, created_date, description, email, industry, lead_name, lead_score, lead_source, location, phone, potential_value, px_created_by, px_created_datetime, px_updated_by, px_updated_datetime, status, updated_date, lead_id) 
    values
        (?, ?, ?, ?, ?, ?, ?, ?, ?, ?, ?, ?, ?, ?, ?, ?, ?, ?, ?, ?)
2025-10-31 19:15:27 - 
    insert 
    into
        leads
        (assigned_to, company, company_size, created_date, description, email, industry, lead_name, lead_score, lead_source, location, phone, potential_value, px_created_by, px_created_datetime, px_updated_by, px_updated_datetime, status, updated_date, lead_id) 
    values
        (?, ?, ?, ?, ?, ?, ?, ?, ?, ?, ?, ?, ?, ?, ?, ?, ?, ?, ?, ?)
Hibernate: 
    insert 
    into
        leads
        (assigned_to, company, company_size, created_date, description, email, industry, lead_name, lead_score, lead_source, location, phone, potential_value, px_created_by, px_created_datetime, px_updated_by, px_updated_datetime, status, updated_date, lead_id) 
    values
        (?, ?, ?, ?, ?, ?, ?, ?, ?, ?, ?, ?, ?, ?, ?, ?, ?, ?, ?, ?)
2025-10-31 19:15:27 - 
    select
        l1_0.lead_id,
        l1_0.assigned_to,
        l1_0.company,
        l1_0.company_size,
        l1_0.created_date,
        l1_0.description,
        l1_0.email,
        l1_0.industry,
        l1_0.lead_name,
        l1_0.lead_score,
        l1_0.lead_source,
        l1_0.location,
        l1_0.phone,
        l1_0.potential_value,
        l1_0.px_created_by,
        l1_0.px_created_datetime,
        l1_0.px_updated_by,
        l1_0.px_updated_datetime,
        l1_0.status,
        l1_0.updated_date 
    from
        leads l1_0 
    where
        (
            ?='' 
            or l1_0.status=?
        ) 
        and (
            ? is null 
            or l1_0.assigned_to=?
        ) 
        and (
            ?='' 
            or l1_0.lead_source=?
        ) 
    order by
        l1_0.lead_score desc,
        l1_0.created_date desc 
    offset
        ? rows 
    fetch
        first ? rows only
Hibernate: 
    select
        l1_0.lead_id,
        l1_0.assigned_to,
        l1_0.company,
        l1_0.company_size,
        l1_0.created_date,
        l1_0.description,
        l1_0.email,
        l1_0.industry,
        l1_0.lead_name,
        l1_0.lead_score,
        l1_0.lead_source,
        l1_0.location,
        l1_0.phone,
        l1_0.potential_value,
        l1_0.px_created_by,
        l1_0.px_created_datetime,
        l1_0.px_updated_by,
        l1_0.px_updated_datetime,
        l1_0.status,
        l1_0.updated_date 
    from
        leads l1_0 
    where
        (
            ?='' 
            or l1_0.status=?
        ) 
        and (
            ? is null 
            or l1_0.assigned_to=?
        ) 
        and (
            ?='' 
            or l1_0.lead_source=?
        ) 
    order by
        l1_0.lead_score desc,
        l1_0.created_date desc 
    offset
        ? rows 
    fetch
        first ? rows only
]]></system-out>
  </testcase>
</testsuite>